<?xml version="1.0" encoding="UTF-8"?>
<!-- Generated by org.testng.reporters.JUnitReportReporter -->
<testsuite hostname="Adea" name="runners.runner" tests="1" failures="0" timestamp="19 Dec 2019 17:50:59 GMT" time="12.956" errors="0">
  <testcase name="feature" time="12.956" classname="runners.runner"/>
</testsuite> <!-- runners.runner -->
